<?xml version="1.0" encoding="utf-8"?>
<TestRun id="84e4d732-e9bf-4eb3-86a0-df5493456ccb" name="@homelab 2025-11-26 02:17:27" xmlns="http://microsoft.com/schemas/VisualStudio/TeamTest/2010">
  <Times creation="2025-11-26T02:17:27.1273856-05:00" queuing="2025-11-26T02:17:27.1273859-05:00" start="2025-11-26T02:17:26.7902748-05:00" finish="2025-11-26T02:17:27.1308075-05:00" />
  <TestSettings name="default" id="6bb1540a-271a-4bbf-a90e-bdeceba6d4f7">
    <Deployment runDeploymentRoot="_homelab_2025-11-26_02_17_27" />
  </TestSettings>
  <TestLists>
    <TestList name="Results Not in a List" id="8c84fa94-04c1-424b-9868-57a2d4851a1d" />
    <TestList name="All Loaded Results" id="19431567-8539-422a-85d7-44ee4e166bda" />
  </TestLists>
  <ResultSummary outcome="Failed">
    <Counters total="0" executed="0" passed="0" failed="0" error="0" timeout="0" aborted="0" inconclusive="0" passedButRunAborted="0" notRunnable="0" notExecuted="0" disconnected="0" warning="0" completed="0" inProgress="0" pending="0" />
    <RunInfos>
      <RunInfo computerName="homelab" outcome="Error" timestamp="2025-11-26T02:17:27.0100580-05:00">
        <Text>Testhost process for source(s) '/media/administrator/External/Solutions/myPhotoBiz/myPhotoBiz/tests/MyPhotoBiz.Tests/bin/Debug/net8.0/MyPhotoBiz.Tests.dll' exited with error: Error:
  An assembly specified in the application dependencies manifest (MyPhotoBiz.Tests.deps.json) was not found:
    package: 'Azure.Core', version: '1.44.0'
    path: 'lib/net6.0/Azure.Core.dll'
. Please check the diagnostic logs for more information.</Text>
      </RunInfo>
    </RunInfos>
  </ResultSummary>
</TestRun>